<?xml version="1.0" encoding="UTF-8"?>
<!-- Generated by org.testng.reporters.JUnitReportReporter -->
<testsuite hostname="ELW4531" failures="0" tests="1" name="com.shaadi.qa.testcases.HomePageTest" time="8.037" errors="0" timestamp="2021-08-13T07:12:47 IST" skipped="0">
  <testcase classname="com.shaadi.qa.testcases.HomePageTest" name="SetUpAccounttest" time="8.037"/>
  <system-out/>
</testsuite> <!-- com.shaadi.qa.testcases.HomePageTest -->
